<?xml version="1.0" encoding="UTF-8"?>
<!-- Generated by org.testng.reporters.JUnitReportReporter -->
<testsuite skipped="0" hostname="ANBHAGWAT2L2" name="com.mycompany.app.BrowserTest" tests="1" failures="0" timestamp="06 Oct 2018 17:37:50 GMT" time="5.940" errors="0">
  <testcase name="BrowserTest1" time="5.940" classname="com.mycompany.app.BrowserTest"/>
</testsuite> <!-- com.mycompany.app.BrowserTest -->
